This is pdfTeX, Version 3.1415926-1.40.10 (MiKTeX 2.8) (preloaded format=pdflatex 2010.12.17)  1 APR 2011 10:02
entering extended mode
**C:/Documents*and*Settings/emm/Mis*documentos/My*Dropbox/data/rollcall/aldf/pr
esentations/mpsa2011.tex

("C:/Documents and Settings/emm/Mis documentos/My Dropbox/data/rollcall/aldf/pr
esentations/mpsa2011.tex"
LaTeX2e <2009/09/24>
Babel <v3.8l> and hyphenation patterns for english, dumylang, nohyphenation, ge
rman, ngerman, german-x-2009-06-19, ngerman-x-2009-06-19, french, loaded.

("C:\Documents and Settings\emm\Datos de programa\MiKTeX\2.8\tex\latex\beamer\b
ase\beamer.cls"
("C:\Documents and Settings\emm\Datos de programa\MiKTeX\2.8\tex\latex\beamer\b
ase\beamerbasercs.sty"
Package: beamerbasercs 2010/06/12 (rcs-revision c3821710bb40)
)
Document Class: beamer 2010/06/21 development version 3.10 A class for typesett
ing presentations (rcs-revision a6b1a8434d30)

("C:\Documents and Settings\emm\Datos de programa\MiKTeX\2.8\tex\latex\beamer\b
ase\beamerbasemodes.sty"
Package: beamerbasemodes 2010/05/01 (rcs-revision efa082c6111d)
\beamer@tempbox=\box26
\beamer@tempcount=\count79
\c@beamerpauses=\count80

("C:\Documents and Settings\emm\Datos de programa\MiKTeX\2.8\tex\latex\beamer\b
ase\beamerbasedecode.sty"
Package: beamerbasedecode 2010/05/01 (rcs-revision efa082c6111d)
\beamer@slideinframe=\count81
\beamer@minimum=\count82
)
\beamer@commentbox=\box27
\beamer@modecount=\count83
)
\headheight=\dimen102
\headdp=\dimen103
\footheight=\dimen104
\sidebarheight=\dimen105
\beamer@tempdim=\dimen106
\beamer@finalheight=\dimen107
\beamer@animht=\dimen108
\beamer@animdp=\dimen109
\beamer@animwd=\dimen110
\beamer@leftmargin=\dimen111
\beamer@rightmargin=\dimen112
\beamer@leftsidebar=\dimen113
\beamer@rightsidebar=\dimen114
\beamer@boxsize=\dimen115
\beamer@vboxoffset=\dimen116
\beamer@descdefault=\dimen117
\beamer@descriptionwidth=\dimen118
\beamer@lastskip=\skip41
\beamer@areabox=\box28
\beamer@animcurrent=\box29
\beamer@animshowbox=\box30
\beamer@sectionbox=\box31
\beamer@logobox=\box32
\beamer@linebox=\box33
\beamer@sectioncount=\count84
\beamer@subsubsectionmax=\count85
\beamer@subsectionmax=\count86
\beamer@sectionmax=\count87
\beamer@totalheads=\count88
\beamer@headcounter=\count89
\beamer@partstartpage=\count90
\beamer@sectionstartpage=\count91
\beamer@subsectionstartpage=\count92
\beamer@animationtempa=\count93
\beamer@animationtempb=\count94
\beamer@xpos=\count95
\beamer@ypos=\count96
\beamer@showpartnumber=\count97
\beamer@currentsubsection=\count98
\beamer@coveringdepth=\count99
\beamer@sectionadjust=\count100
\beamer@tocsectionnumber=\count101

("C:\Documents and Settings\emm\Datos de programa\MiKTeX\2.8\tex\latex\beamer\b
ase\beamerbaseoptions.sty"
Package: beamerbaseoptions 2010/04/27 (rcs-revision 982469101dd6)

("C:\Archivos de programa\MiKTeX 2.8\tex\latex\graphics\keyval.sty"
Package: keyval 1999/03/16 v1.13 key=value parser (DPC)
\KV@toks@=\toks14
))
\beamer@paperwidth=\skip42
\beamer@paperheight=\skip43

("C:\Archivos de programa\MiKTeX 2.8\tex\latex\geometry\geometry.sty"
Package: geometry 2010/09/12 v5.6 Page Geometry

("C:\Archivos de programa\MiKTeX 2.8\tex\generic\oberdiek\ifpdf.sty"
Package: ifpdf 2010/01/28 v2.1 Provides the ifpdf switch (HO)
Package ifpdf Info: pdfTeX in pdf mode detected.
)
("C:\Archivos de programa\MiKTeX 2.8\tex\generic\oberdiek\ifvtex.sty"
Package: ifvtex 2010/03/01 v1.5 Switches for detecting VTeX and its modes (HO)
Package ifvtex Info: VTeX not detected.
)
("C:\Archivos de programa\MiKTeX 2.8\tex\generic\ifxetex\ifxetex.sty"
Package: ifxetex 2010/09/12 v0.6 Provides ifxetex conditional
)
\Gm@cnth=\count102
\Gm@cntv=\count103
\c@Gm@tempcnt=\count104
\Gm@bindingoffset=\dimen119
\Gm@wd@mp=\dimen120
\Gm@odd@mp=\dimen121
\Gm@even@mp=\dimen122
\Gm@layoutwidth=\dimen123
\Gm@layoutheight=\dimen124
\Gm@layouthoffset=\dimen125
\Gm@layoutvoffset=\dimen126
\Gm@dimlist=\toks15

("C:\Archivos de programa\MiKTeX 2.8\tex\latex\geometry\geometry.cfg"))
("C:\Archivos de programa\MiKTeX 2.8\tex\latex\base\size11.clo"
File: size11.clo 2007/10/19 v1.4h Standard LaTeX file (size option)
)
("C:\Documents and Settings\emm\Datos de programa\MiKTeX\2.8\tex\latex\pgf\basi
clayer\pgfcore.sty"
("C:\Archivos de programa\MiKTeX 2.8\tex\latex\graphics\graphicx.sty"
Package: graphicx 1999/02/16 v1.0f Enhanced LaTeX Graphics (DPC,SPQR)

("C:\Archivos de programa\MiKTeX 2.8\tex\latex\graphics\graphics.sty"
Package: graphics 2009/02/05 v1.0o Standard LaTeX Graphics (DPC,SPQR)

("C:\Archivos de programa\MiKTeX 2.8\tex\latex\graphics\trig.sty"
Package: trig 1999/03/16 v1.09 sin cos tan (DPC)
)
("C:\Archivos de programa\MiKTeX 2.8\tex\latex\00miktex\graphics.cfg"
File: graphics.cfg 2007/01/18 v1.5 graphics configuration of teTeX/TeXLive
)
Package graphics Info: Driver file: pdftex.def on input line 91.

("C:\Archivos de programa\MiKTeX 2.8\tex\latex\pdftex-def\pdftex.def"
File: pdftex.def 2010/11/26 v0.05c Graphics/color for pdfTeX
\Gread@gobject=\count105
))
\Gin@req@height=\dimen127
\Gin@req@width=\dimen128
)
("C:\Documents and Settings\emm\Datos de programa\MiKTeX\2.8\tex\latex\pgf\syst
emlayer\pgfsys.sty"
("C:\Documents and Settings\emm\Datos de programa\MiKTeX\2.8\tex\latex\pgf\util
ities\pgfrcs.sty"
("C:\Documents and Settings\emm\Datos de programa\MiKTeX\2.8\tex\generic\pgf\ut
ilities\pgfutil-common.tex"
\pgfutil@everybye=\toks16
)
("C:\Documents and Settings\emm\Datos de programa\MiKTeX\2.8\tex\generic\pgf\ut
ilities\pgfutil-latex.def")
("C:\Documents and Settings\emm\Datos de programa\MiKTeX\2.8\tex\generic\pgf\ut
ilities\pgfrcs.code.tex"
Package: pgfrcs 2008/02/20 v2.00 (rcs-revision 1.21)
))
("C:\Documents and Settings\emm\Datos de programa\MiKTeX\2.8\tex\generic\pgf\sy
stemlayer\pgfsys.code.tex"
Package: pgfsys 2008/02/07 v2.00 (rcs-revision 1.31)

("C:\Documents and Settings\emm\Datos de programa\MiKTeX\2.8\tex\generic\pgf\ut
ilities\pgfkeys.code.tex"
\pgfkeys@pathtoks=\toks17
\pgfkeys@temptoks=\toks18
)
\pgf@x=\dimen129
\pgf@y=\dimen130
\pgf@xa=\dimen131
\pgf@ya=\dimen132
\pgf@xb=\dimen133
\pgf@yb=\dimen134
\pgf@xc=\dimen135
\pgf@yc=\dimen136
\c@pgf@counta=\count106
\c@pgf@countb=\count107
\c@pgf@countc=\count108
\c@pgf@countd=\count109

("C:\Documents and Settings\emm\Datos de programa\MiKTeX\2.8\tex\generic\pgf\sy
stemlayer\pgf.cfg"
File: pgf.cfg 2008/01/13  (rcs-revision 1.6)
)
Package pgfsys Info: Driver file for pgf: pgfsys-pdftex.def on input line 885.

("C:\Documents and Settings\emm\Datos de programa\MiKTeX\2.8\tex\generic\pgf\sy
stemlayer\pgfsys-pdftex.def"
File: pgfsys-pdftex.def 2007/12/20  (rcs-revision 1.20)

("C:\Documents and Settings\emm\Datos de programa\MiKTeX\2.8\tex\generic\pgf\sy
stemlayer\pgfsys-common-pdf.def"
File: pgfsys-common-pdf.def 2007/12/17  (rcs-revision 1.8)
)))
("C:\Documents and Settings\emm\Datos de programa\MiKTeX\2.8\tex\generic\pgf\sy
stemlayer\pgfsyssoftpath.code.tex"
File: pgfsyssoftpath.code.tex 2008/01/23  (rcs-revision 1.6)
\pgfsyssoftpath@smallbuffer@items=\count110
\pgfsyssoftpath@bigbuffer@items=\count111
)
("C:\Documents and Settings\emm\Datos de programa\MiKTeX\2.8\tex\generic\pgf\sy
stemlayer\pgfsysprotocol.code.tex"
File: pgfsysprotocol.code.tex 2006/10/16  (rcs-revision 1.4)
))
("C:\Documents and Settings\emm\Datos de programa\MiKTeX\2.8\tex\latex\xcolor\x
color.sty"
Package: xcolor 2007/01/21 v2.11 LaTeX color extensions (UK)
 ("C:\Archivos de programa\MiKTeX 2.8\tex\latex\00miktex\color.cfg"
File: color.cfg 2007/01/18 v1.5 color configuration of teTeX/TeXLive
)
Package xcolor Info: Driver file: pdftex.def on input line 225.
Package xcolor Info: Model `cmy' substituted by `cmy0' on input line 1337.
Package xcolor Info: Model `hsb' substituted by `rgb' on input line 1341.
Package xcolor Info: Model `RGB' extended on input line 1353.
Package xcolor Info: Model `HTML' substituted by `rgb' on input line 1355.
Package xcolor Info: Model `Hsb' substituted by `hsb' on input line 1356.
Package xcolor Info: Model `tHsb' substituted by `hsb' on input line 1357.
Package xcolor Info: Model `HSB' substituted by `hsb' on input line 1358.
Package xcolor Info: Model `Gray' substituted by `gray' on input line 1359.
Package xcolor Info: Model `wave' substituted by `hsb' on input line 1360.

("C:\Archivos de programa\MiKTeX 2.8\tex\latex\graphics\dvipsnam.def"
File: dvipsnam.def 1999/02/16 v3.0i Driver-dependant file (DPC,SPQR)
))
("C:\Documents and Settings\emm\Datos de programa\MiKTeX\2.8\tex\generic\pgf\ba
siclayer\pgfcore.code.tex"
Package: pgfcore 2008/01/15 v2.00 (rcs-revision 1.6)

("C:\Documents and Settings\emm\Datos de programa\MiKTeX\2.8\tex\generic\pgf\ma
th\pgfmath.code.tex"
("C:\Documents and Settings\emm\Datos de programa\MiKTeX\2.8\tex\generic\pgf\ma
th\pgfmathcalc.code.tex"
("C:\Documents and Settings\emm\Datos de programa\MiKTeX\2.8\tex\generic\pgf\ma
th\pgfmathutil.code.tex"
\pgfmath@box=\box34
)
("C:\Documents and Settings\emm\Datos de programa\MiKTeX\2.8\tex\generic\pgf\ma
th\pgfmathparser.code.tex"
\pgfmath@stack=\toks19
\c@pgfmath@parsecounta=\count112
\c@pgfmath@parsecountb=\count113
\c@pgfmath@parsecountc=\count114
\pgfmath@parsex=\dimen137
)
("C:\Documents and Settings\emm\Datos de programa\MiKTeX\2.8\tex\generic\pgf\ma
th\pgfmathoperations.code.tex"
("C:\Documents and Settings\emm\Datos de programa\MiKTeX\2.8\tex\generic\pgf\ma
th\pgfmathtrig.code.tex")
("C:\Documents and Settings\emm\Datos de programa\MiKTeX\2.8\tex\generic\pgf\ma
th\pgfmathrnd.code.tex"))
("C:\Documents and Settings\emm\Datos de programa\MiKTeX\2.8\tex\generic\pgf\ma
th\pgfmathbase.code.tex")))
("C:\Documents and Settings\emm\Datos de programa\MiKTeX\2.8\tex\generic\pgf\ba
siclayer\pgfcorepoints.code.tex"
File: pgfcorepoints.code.tex 2008/02/03  (rcs-revision 1.13)
\pgf@picminx=\dimen138
\pgf@picmaxx=\dimen139
\pgf@picminy=\dimen140
\pgf@picmaxy=\dimen141
\pgf@pathminx=\dimen142
\pgf@pathmaxx=\dimen143
\pgf@pathminy=\dimen144
\pgf@pathmaxy=\dimen145
\pgf@xx=\dimen146
\pgf@xy=\dimen147
\pgf@yx=\dimen148
\pgf@yy=\dimen149
\pgf@zx=\dimen150
\pgf@zy=\dimen151
)
("C:\Documents and Settings\emm\Datos de programa\MiKTeX\2.8\tex\generic\pgf\ba
siclayer\pgfcorepathconstruct.code.tex"
File: pgfcorepathconstruct.code.tex 2008/02/13  (rcs-revision 1.14)
\pgf@path@lastx=\dimen152
\pgf@path@lasty=\dimen153
)
("C:\Documents and Settings\emm\Datos de programa\MiKTeX\2.8\tex\generic\pgf\ba
siclayer\pgfcorepathusage.code.tex"
File: pgfcorepathusage.code.tex 2008/01/23  (rcs-revision 1.11)
\pgf@shorten@end@additional=\dimen154
\pgf@shorten@start@additional=\dimen155
)
("C:\Documents and Settings\emm\Datos de programa\MiKTeX\2.8\tex\generic\pgf\ba
siclayer\pgfcorescopes.code.tex"
File: pgfcorescopes.code.tex 2008/01/15  (rcs-revision 1.26)
\pgfpic=\box35
\pgf@hbox=\box36
\pgf@layerbox@main=\box37
\pgf@picture@serial@count=\count115
)
("C:\Documents and Settings\emm\Datos de programa\MiKTeX\2.8\tex\generic\pgf\ba
siclayer\pgfcoregraphicstate.code.tex"
File: pgfcoregraphicstate.code.tex 2007/12/12  (rcs-revision 1.8)
\pgflinewidth=\dimen156
)
("C:\Documents and Settings\emm\Datos de programa\MiKTeX\2.8\tex\generic\pgf\ba
siclayer\pgfcoretransformations.code.tex"
File: pgfcoretransformations.code.tex 2008/02/04  (rcs-revision 1.10)
\pgf@pt@x=\dimen157
\pgf@pt@y=\dimen158
\pgf@pt@temp=\dimen159
)
("C:\Documents and Settings\emm\Datos de programa\MiKTeX\2.8\tex\generic\pgf\ba
siclayer\pgfcorequick.code.tex"
File: pgfcorequick.code.tex 2006/10/11  (rcs-revision 1.2)
)
("C:\Documents and Settings\emm\Datos de programa\MiKTeX\2.8\tex\generic\pgf\ba
siclayer\pgfcoreobjects.code.tex"
File: pgfcoreobjects.code.tex 2006/10/11  (rcs-revision 1.2)
)
("C:\Documents and Settings\emm\Datos de programa\MiKTeX\2.8\tex\generic\pgf\ba
siclayer\pgfcorepathprocessing.code.tex"
File: pgfcorepathprocessing.code.tex 2008/01/23  (rcs-revision 1.7)
)
("C:\Documents and Settings\emm\Datos de programa\MiKTeX\2.8\tex\generic\pgf\ba
siclayer\pgfcorearrows.code.tex"
File: pgfcorearrows.code.tex 2007/06/07  (rcs-revision 1.8)
)
("C:\Documents and Settings\emm\Datos de programa\MiKTeX\2.8\tex\generic\pgf\ba
siclayer\pgfcoreshade.code.tex"
File: pgfcoreshade.code.tex 2007/12/10  (rcs-revision 1.9)
\pgf@max=\dimen160
\pgf@sys@shading@range@num=\count116
)
("C:\Documents and Settings\emm\Datos de programa\MiKTeX\2.8\tex\generic\pgf\ba
siclayer\pgfcoreimage.code.tex"
File: pgfcoreimage.code.tex 2008/01/15  (rcs-revision 1.1)
\pgfexternal@startupbox=\box38
)
("C:\Documents and Settings\emm\Datos de programa\MiKTeX\2.8\tex\generic\pgf\ba
siclayer\pgfcorelayers.code.tex"
File: pgfcorelayers.code.tex 2008/01/15  (rcs-revision 1.1)
)
("C:\Documents and Settings\emm\Datos de programa\MiKTeX\2.8\tex\generic\pgf\ba
siclayer\pgfcoretransparency.code.tex"
File: pgfcoretransparency.code.tex 2008/01/17  (rcs-revision 1.2)
)
("C:\Documents and Settings\emm\Datos de programa\MiKTeX\2.8\tex\generic\pgf\ba
siclayer\pgfcorepatterns.code.tex"
File: pgfcorepatterns.code.tex 2008/01/15  (rcs-revision 1.1)
)))
("C:\Documents and Settings\emm\Datos de programa\MiKTeX\2.8\tex\latex\pgf\util
ities\xxcolor.sty"
Package: xxcolor 2003/10/24 ver 0.1
\XC@nummixins=\count117
\XC@countmixins=\count118
)
("C:\Archivos de programa\MiKTeX 2.8\tex\latex\hyperref\hyperref.sty"
Package: hyperref 2010/12/03 v6.81w Hypertext links for LaTeX

("C:\Archivos de programa\MiKTeX 2.8\tex\generic\oberdiek\ltxcmds.sty"
Package: ltxcmds 2010/04/26 v1.7 LaTeX kernel commands for general use (HO)
)
("C:\Archivos de programa\MiKTeX 2.8\tex\generic\oberdiek\pdftexcmds.sty"
Package: pdftexcmds 2010/04/01 v0.9 Utility functions of pdfTeX for LuaTeX (HO)


("C:\Archivos de programa\MiKTeX 2.8\tex\generic\oberdiek\infwarerr.sty"
Package: infwarerr 2010/04/08 v1.3 Providing info/warning/message (HO)
)
("C:\Archivos de programa\MiKTeX 2.8\tex\generic\oberdiek\ifluatex.sty"
Package: ifluatex 2010/03/01 v1.3 Provides the ifluatex switch (HO)
Package ifluatex Info: LuaTeX not detected.
)
Package pdftexcmds Info: LuaTeX not detected.
Package pdftexcmds Info: \pdf@primitive is available.
Package pdftexcmds Info: \pdf@ifprimitive is available.
)
("C:\Archivos de programa\MiKTeX 2.8\tex\generic\oberdiek\kvsetkeys.sty"
Package: kvsetkeys 2010/03/01 v1.9 Key value parser (HO)

("C:\Archivos de programa\MiKTeX 2.8\tex\generic\oberdiek\etexcmds.sty"
Package: etexcmds 2010/01/28 v1.3 Prefix for e-TeX command names (HO)
Package etexcmds Info: Could not find \expanded.
(etexcmds)             That can mean that you are not using pdfTeX 1.50 or
(etexcmds)             that some package has redefined \expanded.
(etexcmds)             In the latter case, load this package earlier.
))
("C:\Archivos de programa\MiKTeX 2.8\tex\generic\oberdiek\pdfescape.sty"
Package: pdfescape 2010/03/01 v1.9 Provides hex, PDF name and string conversion
s (HO)
)
("C:\Archivos de programa\MiKTeX 2.8\tex\latex\oberdiek\hycolor.sty"
Package: hycolor 2009/12/12 v1.6 Color options of hyperref/bookmark (HO)

("C:\Archivos de programa\MiKTeX 2.8\tex\latex\oberdiek\xcolor-patch.sty"
Package: xcolor-patch 2009/12/12 xcolor patch
))
("C:\Archivos de programa\MiKTeX 2.8\tex\latex\oberdiek\letltxmacro.sty"
Package: letltxmacro 2008/06/24 v1.3 Let assignment for LaTeX macros (HO)
)
("C:\Archivos de programa\MiKTeX 2.8\tex\latex\oberdiek\kvoptions.sty"
Package: kvoptions 2010/02/22 v3.7 Keyval support for LaTeX options (HO)
)
\@linkdim=\dimen161
\Hy@linkcounter=\count119
\Hy@pagecounter=\count120

("C:\Archivos de programa\MiKTeX 2.8\tex\latex\hyperref\pd1enc.def"
File: pd1enc.def 2010/12/03 v6.81w Hyperref: PDFDocEncoding definition (HO)
)
("C:\Archivos de programa\MiKTeX 2.8\tex\generic\oberdiek\intcalc.sty"
Package: intcalc 2007/09/27 v1.1 Expandable integer calculations (HO)
)
\Hy@SavedSpaceFactor=\count121

("C:\Archivos de programa\MiKTeX 2.8\tex\latex\00miktex\hyperref.cfg"
File: hyperref.cfg 2002/06/06 v1.2 hyperref configuration of TeXLive
)
Package hyperref Info: Option `bookmarks' set `true' on input line 3889.
Package hyperref Info: Option `bookmarksopen' set `true' on input line 3889.
Package hyperref Info: Option `implicit' set `false' on input line 3889.
Package hyperref Info: Hyper figures OFF on input line 3993.
Package hyperref Info: Link nesting OFF on input line 3998.
Package hyperref Info: Hyper index ON on input line 4001.
Package hyperref Info: Plain pages OFF on input line 4008.
Package hyperref Info: Backreferencing OFF on input line 4013.
Package hyperref Info: Implicit mode OFF; no redefinition of LaTeX internals.
Package hyperref Info: Bookmarks ON on input line 4228.
\c@Hy@tempcnt=\count122

("C:\Archivos de programa\MiKTeX 2.8\tex\latex\ltxmisc\url.sty"
\Urlmuskip=\muskip10
Package: url 2006/04/12  ver 3.3  Verb mode for urls, etc.
)
LaTeX Info: Redefining \url on input line 4581.

("C:\Archivos de programa\MiKTeX 2.8\tex\generic\oberdiek\bitset.sty"
Package: bitset 2007/09/28 v1.0 Data type bit set (HO)

("C:\Archivos de programa\MiKTeX 2.8\tex\generic\oberdiek\bigintcalc.sty"
Package: bigintcalc 2007/11/11 v1.1 Expandable big integer calculations (HO)
))
\Fld@menulength=\count123
\Field@Width=\dimen162
\Fld@charsize=\dimen163
Package hyperref Info: Hyper figures OFF on input line 5665.
Package hyperref Info: Link nesting OFF on input line 5670.
Package hyperref Info: Hyper index ON on input line 5673.
Package hyperref Info: backreferencing OFF on input line 5680.
Package hyperref Info: Link coloring OFF on input line 5685.
Package hyperref Info: Link coloring with OCG OFF on input line 5690.
Package hyperref Info: PDF/A mode OFF on input line 5695.
LaTeX Info: Redefining \ref on input line 5735.
LaTeX Info: Redefining \pageref on input line 5739.

("C:\Archivos de programa\MiKTeX 2.8\tex\generic\oberdiek\atbegshi.sty"
Package: atbegshi 2010/03/25 v1.12 At begin shipout hook (HO)
)
\Hy@abspage=\count124


Package hyperref Message: Stopped early.

)

Package hyperref Message: Driver (autodetected): hpdftex.

("C:\Archivos de programa\MiKTeX 2.8\tex\latex\hyperref\hpdftex.def"
File: hpdftex.def 2010/12/03 v6.81w Hyperref driver for pdfTeX

("C:\Archivos de programa\MiKTeX 2.8\tex\latex\oberdiek\atveryend.sty"
Package: atveryend 2010/03/24 v1.5 Hooks at very end of document (HO)
Package atveryend Info: \enddocument detected (standard).
)
\Fld@listcount=\count125
\c@bookmark@seq@number=\count126

("C:\Archivos de programa\MiKTeX 2.8\tex\latex\oberdiek\rerunfilecheck.sty"
Package: rerunfilecheck 2010/03/16 v1.6 Rerun checks for auxiliary files (HO)

("C:\Archivos de programa\MiKTeX 2.8\tex\generic\oberdiek\uniquecounter.sty"
Package: uniquecounter 2009/12/18 v1.1 Provides unlimited unique counter (HO)
)
Package uniquecounter Info: New unique counter `rerunfilecheck' on input line 2
71.
))
("C:\Documents and Settings\emm\Datos de programa\MiKTeX\2.8\tex\latex\beamer\b
ase\beamerbaserequires.sty"
Package: beamerbaserequires 2010/05/01  (rcs-revision efa082c6111d)

("C:\Documents and Settings\emm\Datos de programa\MiKTeX\2.8\tex\latex\beamer\b
ase\beamerbasecompatibility.sty"
Package: beamerbasecompatibility 2010/07/12  (rcs-revision 6648c3177e4e)
)
("C:\Documents and Settings\emm\Datos de programa\MiKTeX\2.8\tex\latex\beamer\b
ase\beamerbasefont.sty"
Package: beamerbasefont 2010/05/10  (rcs-revision cd36e8a33c6b)

("C:\Archivos de programa\MiKTeX 2.8\tex\latex\amsfonts\amssymb.sty"
Package: amssymb 2009/06/22 v3.00

("C:\Archivos de programa\MiKTeX 2.8\tex\latex\amsfonts\amsfonts.sty"
Package: amsfonts 2009/06/22 v3.00 Basic AMSFonts support
\@emptytoks=\toks20
\symAMSa=\mathgroup4
\symAMSb=\mathgroup5
LaTeX Font Info:    Overwriting math alphabet `\mathfrak' in version `bold'
(Font)                  U/euf/m/n --> U/euf/b/n on input line 96.
)))
("C:\Documents and Settings\emm\Datos de programa\MiKTeX\2.8\tex\latex\beamer\b
ase\beamerbasetranslator.sty"
Package: beamerbasetranslator 2010/06/11  (rcs-revision 85fd1cc7fc42)

("C:\Documents and Settings\emm\Datos de programa\MiKTeX\2.8\tex\latex\beamer\b
ase\translator\translator.sty"
Package: translator 2010/06/12 ver 1.10

("C:\Documents and Settings\emm\Datos de programa\MiKTeX\2.8\tex\latex\beamer\b
ase\translator\translator-language-mappings.tex")))
("C:\Documents and Settings\emm\Datos de programa\MiKTeX\2.8\tex\latex\beamer\b
ase\beamerbasemisc.sty"
Package: beamerbasemisc 2010/06/06  (rcs-revision bff0a9294b45)
)
("C:\Documents and Settings\emm\Datos de programa\MiKTeX\2.8\tex\latex\beamer\b
ase\beamerbasetwoscreens.sty"
Package: beamerbasetwoscreens 2010/05/01  (rcs-revision efa082c6111d)
)
("C:\Documents and Settings\emm\Datos de programa\MiKTeX\2.8\tex\latex\beamer\b
ase\beamerbaseoverlay.sty"
Package: beamerbaseoverlay 2010/05/07  (rcs-revision 5584dad462a9)
\beamer@argscount=\count127
\beamer@lastskipcover=\skip44
\beamer@trivlistdepth=\count128
)
("C:\Documents and Settings\emm\Datos de programa\MiKTeX\2.8\tex\latex\beamer\b
ase\beamerbasetitle.sty"
Package: beamerbasetitle 2010/06/12  (rcs-revision 717e481ca47a)
)
("C:\Documents and Settings\emm\Datos de programa\MiKTeX\2.8\tex\latex\beamer\b
ase\beamerbasesection.sty"
Package: beamerbasesection 2010/06/17  (rcs-revision e0d9401bb743)
\c@lecture=\count129
\c@part=\count130
\c@section=\count131
\c@subsection=\count132
\c@subsubsection=\count133
)
("C:\Documents and Settings\emm\Datos de programa\MiKTeX\2.8\tex\latex\beamer\b
ase\beamerbaseframe.sty"
Package: beamerbaseframe 2010/06/06  (rcs-revision bff0a9294b45)
\beamer@framebox=\box39
\beamer@frametitlebox=\box40
\beamer@zoombox=\box41
\beamer@zoomcount=\count134
\beamer@zoomframecount=\count135
\beamer@frametextheight=\dimen164
\c@subsectionslide=\count136
\beamer@frametopskip=\skip45
\beamer@framebottomskip=\skip46
\beamer@frametopskipautobreak=\skip47
\beamer@framebottomskipautobreak=\skip48
\beamer@envbody=\toks21
\c@framenumber=\count137
)
("C:\Documents and Settings\emm\Datos de programa\MiKTeX\2.8\tex\latex\beamer\b
ase\beamerbaseverbatim.sty"
Package: beamerbaseverbatim 2010/05/01  (rcs-revision efa082c6111d)
\beamer@verbatimfileout=\write3
)
("C:\Documents and Settings\emm\Datos de programa\MiKTeX\2.8\tex\latex\beamer\b
ase\beamerbaseframesize.sty"
Package: beamerbaseframesize 2010/06/27  (rcs-revision 6baa2d92e6f1)
\beamer@splitbox=\box42
\beamer@autobreakcount=\count138
\beamer@autobreaklastheight=\dimen165
\beamer@frametitletoks=\toks22
\beamer@framesubtitletoks=\toks23
)
("C:\Documents and Settings\emm\Datos de programa\MiKTeX\2.8\tex\latex\beamer\b
ase\beamerbaseframecomponents.sty"
Package: beamerbaseframecomponents 2010/07/12  (rcs-revision 09e82992d9b1)
\beamer@footins=\box43
)
("C:\Documents and Settings\emm\Datos de programa\MiKTeX\2.8\tex\latex\beamer\b
ase\beamerbasecolor.sty"
Package: beamerbasecolor 2010/06/06  (rcs-revision d1a9b48be06d)
)
("C:\Documents and Settings\emm\Datos de programa\MiKTeX\2.8\tex\latex\beamer\b
ase\beamerbasenotes.sty"
Package: beamerbasenotes 2010/05/01  (rcs-revision efa082c6111d)
\beamer@frameboxcopy=\box44
)
("C:\Documents and Settings\emm\Datos de programa\MiKTeX\2.8\tex\latex\beamer\b
ase\beamerbasetoc.sty"
Package: beamerbasetoc 2010/06/11  (rcs-revision 242ecaa6783b)
)
("C:\Documents and Settings\emm\Datos de programa\MiKTeX\2.8\tex\latex\beamer\b
ase\beamerbasetemplates.sty"
Package: beamerbasetemplates 2010/05/01  (rcs-revision efa082c6111d)
\beamer@sbttoks=\toks24

("C:\Documents and Settings\emm\Datos de programa\MiKTeX\2.8\tex\latex\beamer\b
ase\beamerbaseauxtemplates.sty"
Package: beamerbaseauxtemplates 2010/05/01  (rcs-revision efa082c6111d)

("C:\Documents and Settings\emm\Datos de programa\MiKTeX\2.8\tex\latex\beamer\b
ase\beamerbaseboxes.sty"
Package: beamerbaseboxes 2010/05/01  (rcs-revision efa082c6111d)
\bmb@box=\box45
\bmb@colorbox=\box46
\bmb@boxshadow=\box47
\bmb@boxshadowball=\box48
\bmb@boxshadowballlarge=\box49
\bmb@temp=\dimen166
\bmb@dima=\dimen167
\bmb@dimb=\dimen168
\bmb@prevheight=\dimen169
)
\beamer@blockheadheight=\dimen170
))
("C:\Documents and Settings\emm\Datos de programa\MiKTeX\2.8\tex\latex\beamer\b
ase\beamerbaselocalstructure.sty"
Package: beamerbaselocalstructure 2010/06/01  (rcs-revision 81f9e33f7cc2)

("C:\Archivos de programa\MiKTeX 2.8\tex\latex\tools\enumerate.sty"
Package: enumerate 1999/03/05 v3.00 enumerate extensions (DPC)
\@enLab=\toks25
)
\c@figure=\count139
\c@table=\count140
\abovecaptionskip=\skip49
\belowcaptionskip=\skip50
)
("C:\Documents and Settings\emm\Datos de programa\MiKTeX\2.8\tex\latex\beamer\b
ase\beamerbasenavigation.sty"
Package: beamerbasenavigation 2010/05/01  (rcs-revision efa082c6111d)
)
("C:\Documents and Settings\emm\Datos de programa\MiKTeX\2.8\tex\latex\beamer\b
ase\beamerbasetheorems.sty"
Package: beamerbasetheorems 2010/06/06  (rcs-revision 7e7cc5e53e9d)

("C:\Archivos de programa\MiKTeX 2.8\tex\latex\ams\math\amsmath.sty"
Package: amsmath 2000/07/18 v2.13 AMS math features
\@mathmargin=\skip51

For additional information on amsmath, use the `?' option.
("C:\Archivos de programa\MiKTeX 2.8\tex\latex\ams\math\amstext.sty"
Package: amstext 2000/06/29 v2.01

("C:\Archivos de programa\MiKTeX 2.8\tex\latex\ams\math\amsgen.sty"
File: amsgen.sty 1999/11/30 v2.0
\@emptytoks=\toks26
\ex@=\dimen171
))
("C:\Archivos de programa\MiKTeX 2.8\tex\latex\ams\math\amsbsy.sty"
Package: amsbsy 1999/11/29 v1.2d
\pmbraise@=\dimen172
)
("C:\Archivos de programa\MiKTeX 2.8\tex\latex\ams\math\amsopn.sty"
Package: amsopn 1999/12/14 v2.01 operator names
)
\inf@bad=\count141
LaTeX Info: Redefining \frac on input line 211.
\uproot@=\count142
\leftroot@=\count143
LaTeX Info: Redefining \overline on input line 307.
\classnum@=\count144
\DOTSCASE@=\count145
LaTeX Info: Redefining \ldots on input line 379.
LaTeX Info: Redefining \dots on input line 382.
LaTeX Info: Redefining \cdots on input line 467.
\Mathstrutbox@=\box50
\strutbox@=\box51
\big@size=\dimen173
LaTeX Font Info:    Redeclaring font encoding OML on input line 567.
LaTeX Font Info:    Redeclaring font encoding OMS on input line 568.
\macc@depth=\count146
\c@MaxMatrixCols=\count147
\dotsspace@=\muskip11
\c@parentequation=\count148
\dspbrk@lvl=\count149
\tag@help=\toks27
\row@=\count150
\column@=\count151
\maxfields@=\count152
\andhelp@=\toks28
\eqnshift@=\dimen174
\alignsep@=\dimen175
\tagshift@=\dimen176
\tagwidth@=\dimen177
\totwidth@=\dimen178
\lineht@=\dimen179
\@envbody=\toks29
\multlinegap=\skip52
\multlinetaggap=\skip53
\mathdisplay@stack=\toks30
LaTeX Info: Redefining \[ on input line 2666.
LaTeX Info: Redefining \] on input line 2667.
)
("C:\Archivos de programa\MiKTeX 2.8\tex\latex\ams\classes\amsthm.sty"
Package: amsthm 2004/08/06 v2.20
\thm@style=\toks31
\thm@bodyfont=\toks32
\thm@headfont=\toks33
\thm@notefont=\toks34
\thm@headpunct=\toks35
\thm@preskip=\skip54
\thm@postskip=\skip55
\thm@headsep=\skip56
\dth@everypar=\toks36
)
\c@theorem=\count153
)
("C:\Documents and Settings\emm\Datos de programa\MiKTeX\2.8\tex\latex\beamer\b
ase\beamerbasethemes.sty"
Package: beamerbasethemes 2010/05/01  (rcs-revision efa082c6111d)
))
("C:\Documents and Settings\emm\Datos de programa\MiKTeX\2.8\tex\latex\beamer\b
ase\themes\theme\beamerthemedefault.sty"
Package: beamerthemedefault 2010/06/17  (rcs-revision d02a7cf4d8ae)

("C:\Documents and Settings\emm\Datos de programa\MiKTeX\2.8\tex\latex\beamer\b
ase\themes\font\beamerfontthemedefault.sty"
Package: beamerfontthemedefault 2010/06/17  (rcs-revision d02a7cf4d8ae)
)
("C:\Documents and Settings\emm\Datos de programa\MiKTeX\2.8\tex\latex\beamer\b
ase\themes\color\beamercolorthemedefault.sty"
Package: beamercolorthemedefault 2010/06/17  (rcs-revision d02a7cf4d8ae)
)
("C:\Documents and Settings\emm\Datos de programa\MiKTeX\2.8\tex\latex\beamer\b
ase\themes\inner\beamerinnerthemedefault.sty"
Package: beamerinnerthemedefault 2010/06/17  (rcs-revision d02a7cf4d8ae)
\beamer@dima=\dimen180
\beamer@dimb=\dimen181
)
("C:\Documents and Settings\emm\Datos de programa\MiKTeX\2.8\tex\latex\beamer\b
ase\themes\outer\beamerouterthemedefault.sty"
Package: beamerouterthemedefault 2010/06/17  (rcs-revision d02a7cf4d8ae)
)))
("C:\Archivos de programa\MiKTeX 2.8\tex\latex\psnfss\pifont.sty"
Package: pifont 2005/04/12 PSNFSS-v9.2a Pi font support (SPQR) 
LaTeX Font Info:    Try loading font information for U+pzd on input line 63.

("C:\Archivos de programa\MiKTeX 2.8\tex\latex\psnfss\upzd.fd"
File: upzd.fd 2001/06/04 font definitions for U/pzd.
)
LaTeX Font Info:    Try loading font information for U+psy on input line 64.

("C:\Archivos de programa\MiKTeX 2.8\tex\latex\psnfss\upsy.fd"
File: upsy.fd 2001/06/04 font definitions for U/psy.
))
("C:\Documents and Settings\emm\Datos de programa\MiKTeX\2.8\tex\latex\beamer\b
ase\themes\theme\compatibility\beamerthemesplit.sty"
Package: beamerthemesplit 2010/06/17  (rcs-revision d02a7cf4d8ae)

("C:\Documents and Settings\emm\Datos de programa\MiKTeX\2.8\tex\latex\beamer\b
ase\themes\color\beamercolorthemewhale.sty"
Package: beamercolorthemewhale 2010/06/17  (rcs-revision d02a7cf4d8ae)
)
("C:\Documents and Settings\emm\Datos de programa\MiKTeX\2.8\tex\latex\beamer\b
ase\themes\outer\beamerouterthemesplit.sty"
Package: beamerouterthemesplit 2010/06/17  (rcs-revision d02a7cf4d8ae)
)
("C:\Documents and Settings\emm\Datos de programa\MiKTeX\2.8\tex\latex\beamer\b
ase\themes\font\beamerfontthemestructurebold.sty"
Package: beamerfontthemestructurebold 2010/06/17  (rcs-revision d02a7cf4d8ae)
))
("C:\Archivos de programa\MiKTeX 2.8\tex\latex\ae\ae.sty"
Package: ae 2001/02/12 1.3 Almost European Computer Modern

("C:\Archivos de programa\MiKTeX 2.8\tex\latex\base\fontenc.sty"
Package: fontenc 2005/09/27 v1.99g Standard LaTeX package

("C:\Archivos de programa\MiKTeX 2.8\tex\latex\base\t1enc.def"
File: t1enc.def 2005/09/27 v1.99g Standard LaTeX file
LaTeX Font Info:    Redeclaring font encoding T1 on input line 43.
)
LaTeX Font Info:    Try loading font information for T1+aer on input line 100.

("C:\Archivos de programa\MiKTeX 2.8\tex\latex\ae\t1aer.fd"
File: t1aer.fd 1997/11/16 Font definitions for T1/aer.
)))
("C:\Archivos de programa\MiKTeX 2.8\tex\latex\base\fontenc.sty"
Package: fontenc 2005/09/27 v1.99g Standard LaTeX package

("C:\Archivos de programa\MiKTeX 2.8\tex\latex\base\t1enc.def"
File: t1enc.def 2005/09/27 v1.99g Standard LaTeX file
LaTeX Font Info:    Redeclaring font encoding T1 on input line 43.
))
("C:\Archivos de programa\MiKTeX 2.8\tex\latex\base\inputenc.sty"
Package: inputenc 2008/03/30 v1.1d Input encoding file
\inpenc@prehook=\toks37
\inpenc@posthook=\toks38

("C:\Archivos de programa\MiKTeX 2.8\tex\latex\base\ansinew.def"
File: ansinew.def 2008/03/30 v1.1d Input encoding file
))
("C:\Archivos de programa\MiKTeX 2.8\tex\generic\babel\babel.sty"
Package: babel 2008/07/06 v3.8l The Babel package

*************************************
* Local config file bblopts.cfg used
*
("C:\Archivos de programa\MiKTeX 2.8\tex\latex\00miktex\bblopts.cfg"
File: bblopts.cfg 2006/07/31 v1.0 MiKTeX 'babel' configuration
)
("C:\Archivos de programa\MiKTeX 2.8\tex\generic\babel\spanish.ldf"
Language: spanish.ldf 2009/01/02 v5.0h Spanish support from the babel system

("C:\Archivos de programa\MiKTeX 2.8\tex\generic\babel\babel.def"
File: babel.def 2008/07/06 v3.8l Babel common definitions
LaTeX Info: Redefining \textlatin on input line 82.
\babel@savecnt=\count154
\U@D=\dimen182
)

Package babel Warning: No hyphenation patterns were loaded for
(babel)                the language `Spanish'
(babel)                I will use the patterns loaded for \language=0 instead.

\l@spanish = a dialect from \language0
\es@datefmt=\count155
\es@quottoks=\toks39
\es@quotdepth=\count156
Package babel Info: Making " an active character on input line 492.
Package babel Info: Making . an active character on input line 585.
Package babel Info: Making < an active character on input line 630.
Package babel Info: Making > an active character on input line 630.
))
("C:\Documents and Settings\emm\Datos de programa\MiKTeX\2.8\tex\latex\pgf\fron
tendlayer\tikz.sty"
("C:\Documents and Settings\emm\Datos de programa\MiKTeX\2.8\tex\latex\pgf\basi
clayer\pgf.sty"
Package: pgf 2008/01/15 v2.00 (rcs-revision 1.12)

("C:\Documents and Settings\emm\Datos de programa\MiKTeX\2.8\tex\generic\pgf\mo
dules\pgfmoduleshapes.code.tex"
File: pgfmoduleshapes.code.tex 2008/02/13  (rcs-revision 1.4)
\pgfnodeparttextbox=\box52
\toks@savedmacro=\toks40
)
("C:\Documents and Settings\emm\Datos de programa\MiKTeX\2.8\tex\generic\pgf\mo
dules\pgfmoduleplot.code.tex"
File: pgfmoduleplot.code.tex 2008/01/15  (rcs-revision 1.1)
\pgf@plotwrite=\write4
)
("C:\Documents and Settings\emm\Datos de programa\MiKTeX\2.8\tex\latex\pgf\comp
atibility\pgfcomp-version-0-65.sty"
Package: pgfcomp-version-0-65 2007/07/03 v2.00 (rcs-revision 1.7)
\pgf@nodesepstart=\dimen183
\pgf@nodesepend=\dimen184
)
("C:\Documents and Settings\emm\Datos de programa\MiKTeX\2.8\tex\latex\pgf\comp
atibility\pgfcomp-version-1-18.sty"
Package: pgfcomp-version-1-18 2007/07/23 v2.00 (rcs-revision 1.1)
))
("C:\Documents and Settings\emm\Datos de programa\MiKTeX\2.8\tex\latex\pgf\util
ities\pgffor.sty"
("C:\Documents and Settings\emm\Datos de programa\MiKTeX\2.8\tex\generic\pgf\ut
ilities\pgffor.code.tex"
Package: pgffor 2007/11/07 v2.00 (rcs-revision 1.8)
\pgffor@iter=\dimen185
\pgffor@skip=\dimen186
))
("C:\Documents and Settings\emm\Datos de programa\MiKTeX\2.8\tex\generic\pgf\fr
ontendlayer\tikz\tikz.code.tex"
Package: tikz 2008/02/13 v2.00 (rcs-revision 1.27)

("C:\Documents and Settings\emm\Datos de programa\MiKTeX\2.8\tex\generic\pgf\li
braries\pgflibraryplothandlers.code.tex"
File: pgflibraryplothandlers.code.tex 2007/03/09 v2.00 (rcs-revision 1.9)
\pgf@plot@mark@count=\count157
\pgfplotmarksize=\dimen187
)
\tikz@lastx=\dimen188
\tikz@lasty=\dimen189
\tikz@lastxsaved=\dimen190
\tikz@lastysaved=\dimen191
\tikzleveldistance=\dimen192
\tikzsiblingdistance=\dimen193
\tikz@figbox=\box53
\tikz@tempbox=\box54
\tikztreelevel=\count158
\tikznumberofchildren=\count159
\tikznumberofcurrentchild=\count160
\tikz@fig@count=\count161

("C:\Documents and Settings\emm\Datos de programa\MiKTeX\2.8\tex\generic\pgf\mo
dules\pgfmodulematrix.code.tex"
File: pgfmodulematrix.code.tex 2008/01/15  (rcs-revision 1.1)
\pgfmatrixcurrentrow=\count162
\pgfmatrixcurrentcolumn=\count163
\pgf@matrix@numberofcolumns=\count164
)
\tikz@expandcount=\count165

("C:\Documents and Settings\emm\Datos de programa\MiKTeX\2.8\tex\generic\pgf\fr
ontendlayer\tikz\libraries\tikzlibrarytopaths.code.tex"
File: tikzlibrarytopaths.code.tex 2008/01/09 v2.00 (rcs-revision 1.1)
)))
("C:\Documents and Settings\emm\Datos de programa\MiKTeX\2.8\tex\generic\pgf\fr
ontendlayer\tikz\libraries\tikzlibraryarrows.code.tex"
File: tikzlibraryarrows.code.tex 2008/01/09 v2.00 (rcs-revision 1.1)

("C:\Documents and Settings\emm\Datos de programa\MiKTeX\2.8\tex\generic\pgf\li
braries\pgflibraryarrows.code.tex"
File: pgflibraryarrows.code.tex 2007/06/07 v2.00 (rcs-revision 1.7)
))
("C:\Documents and Settings\emm\Datos de programa\MiKTeX\2.8\tex\generic\pgf\fr
ontendlayer\tikz\libraries\tikzlibraryshapes.geometric.code.tex"
File: tikzlibraryshapes.geometric.code.tex 2008/01/09 v2.00 (rcs-revision 1.1)

("C:\Documents and Settings\emm\Datos de programa\MiKTeX\2.8\tex\generic\pgf\li
braries\pgflibraryshapes.geometric.code.tex"
File: pgflibraryshapes.geometric.code.tex 2008/02/01 v2.00 (rcs-revision 1.22)
))
("C:\Archivos de programa\MiKTeX 2.8\tex\latex\tabulary\tabulary.sty"
Package: tabulary 2008/12/01 v0.9 tabulary package (DPC)

("C:\Archivos de programa\MiKTeX 2.8\tex\latex\tools\array.sty"
Package: array 2008/09/09 v2.4c Tabular extension package (FMi)
\col@sep=\dimen194
\extrarowheight=\dimen195
\NC@list=\toks41
\extratabsurround=\skip57
\backup@length=\skip58
)
\TY@count=\count166
\TY@linewidth=\dimen196
\tymin=\dimen197
\tymax=\dimen198
\TY@tablewidth=\dimen199
)
("C:\Documents and Settings\emm\Datos de programa\MiKTeX\2.8\tex\latex\beamer\b
ase\themes\color\beamercolorthemestructure.sty"
Package: beamercolorthemestructure 2010/06/17  (rcs-revision d02a7cf4d8ae)
)
("C:\Documents and Settings\emm\Datos de programa\MiKTeX\2.8\tex\latex\beamer\b
ase\themes\theme\beamerthemeRochester.sty"
Package: beamerthemeRochester 2010/06/17  (rcs-revision d02a7cf4d8ae)

("C:\Documents and Settings\emm\Datos de programa\MiKTeX\2.8\tex\latex\beamer\b
ase\themes\outer\beamerouterthemesidebar.sty"
Package: beamerouterthemesidebar 2010/06/17  (rcs-revision d02a7cf4d8ae)
\beamer@sidebarwidth=\dimen200
\beamer@headheight=\dimen201
LaTeX Font Info:    Try loading font information for T1+aess on input line 18.

("C:\Archivos de programa\MiKTeX 2.8\tex\latex\ae\t1aess.fd"
File: t1aess.fd 1997/11/16 Font definitions for T1/aess.
))
("C:\Documents and Settings\emm\Datos de programa\MiKTeX\2.8\tex\latex\beamer\b
ase\themes\inner\beamerinnerthemerectangles.sty"
Package: beamerinnerthemerectangles 2010/06/17  (rcs-revision d02a7cf4d8ae)
)
("C:\Documents and Settings\emm\Datos de programa\MiKTeX\2.8\tex\latex\beamer\b
ase\themes\color\beamercolorthemeorchid.sty"
Package: beamercolorthemeorchid 2010/06/17  (rcs-revision d02a7cf4d8ae)
))
("C:\Archivos de programa\MiKTeX 2.8\tex\latex\multirow\multirow.sty"
\bigstrutjot=\dimen202
)
("C:\Documents and Settings\emm\Mis documentos\My Dropbox\data\rollcall\aldf\pr
esentations\mpsa2011.aux")
LaTeX Font Info:    Checking defaults for OML/cmm/m/it on input line 74.
LaTeX Font Info:    ... okay on input line 74.
LaTeX Font Info:    Checking defaults for T1/cmr/m/n on input line 74.
LaTeX Font Info:    ... okay on input line 74.
LaTeX Font Info:    Checking defaults for OT1/cmr/m/n on input line 74.
LaTeX Font Info:    ... okay on input line 74.
LaTeX Font Info:    Checking defaults for OMS/cmsy/m/n on input line 74.
LaTeX Font Info:    ... okay on input line 74.
LaTeX Font Info:    Checking defaults for OMX/cmex/m/n on input line 74.
LaTeX Font Info:    ... okay on input line 74.
LaTeX Font Info:    Checking defaults for U/cmr/m/n on input line 74.
LaTeX Font Info:    ... okay on input line 74.
LaTeX Font Info:    Checking defaults for PD1/pdf/m/n on input line 74.
LaTeX Font Info:    ... okay on input line 74.

*geometry* driver: auto-detecting
*geometry* detected driver: pdftex
*geometry* verbose mode - [ preamble ] result:
* driver: pdftex
* paper: custom
* layout: <same size as paper>
* layoutoffset:(h,v)=(0.0pt,0.0pt)
* modes: includehead includefoot 
* h-part:(L,W,R)=(28.45274pt, 307.28987pt, 28.45274pt)
* v-part:(T,H,B)=(0.0pt, 273.14662pt, 0.0pt)
* \paperwidth=364.19536pt
* \paperheight=273.14662pt
* \textwidth=307.28987pt
* \textheight=244.6939pt
* \oddsidemargin=-43.81725pt
* \evensidemargin=-43.81725pt
* \topmargin=-72.26999pt
* \headheight=14.22636pt
* \headsep=0.0pt
* \topskip=11.0pt
* \footskip=14.22636pt
* \marginparwidth=4.0pt
* \marginparsep=10.0pt
* \columnsep=10.0pt
* \skip\footins=10.0pt plus 4.0pt minus 2.0pt
* \hoffset=0.0pt
* \voffset=0.0pt
* \mag=1000
* \@twocolumnfalse
* \@twosidefalse
* \@mparswitchfalse
* \@reversemarginfalse
* (1in=72.27pt=25.4mm, 1cm=28.453pt)

("C:\Archivos de programa\MiKTeX 2.8\tex\context\base\supp-pdf.tex"
[Loading MPS to PDF converter (version 2006.09.02).]
\scratchcounter=\count167
\scratchdimen=\dimen203
\scratchbox=\box55
\nofMPsegments=\count168
\nofMParguments=\count169
\everyMPshowfont=\toks42
\MPscratchCnt=\count170
\MPscratchDim=\dimen204
\MPnumerator=\count171
\everyMPtoPDFconversion=\toks43
)
\AtBeginShipoutBox=\box56
Package hyperref Info: Link coloring OFF on input line 74.
 ("C:\Archivos de programa\MiKTeX 2.8\tex\latex\hyperref\nameref.sty"
Package: nameref 2010/04/30 v2.40 Cross-referencing by name of section

("C:\Archivos de programa\MiKTeX 2.8\tex\latex\oberdiek\refcount.sty"
Package: refcount 2008/08/11 v3.1 Data extraction from references (HO)
)
("C:\Archivos de programa\MiKTeX 2.8\tex\generic\oberdiek\gettitlestring.sty"
Package: gettitlestring 2009/12/18 v1.3 Cleanup title references (HO)
)
\c@section@level=\count172
)
LaTeX Info: Redefining \ref on input line 74.
LaTeX Info: Redefining \pageref on input line 74.
LaTeX Info: Redefining \nameref on input line 74.

("C:\Documents and Settings\emm\Mis documentos\My Dropbox\data\rollcall\aldf\pr
esentations\mpsa2011.out")
("C:\Documents and Settings\emm\Mis documentos\My Dropbox\data\rollcall\aldf\pr
esentations\mpsa2011.out")
\@outlinefile=\write5
LaTeX Font Info:    Overwriting symbol font `operators' in version `normal'
(Font)                  OT1/cmr/m/n --> OT1/cmss/m/n on input line 74.
LaTeX Font Info:    Overwriting symbol font `operators' in version `bold'
(Font)                  OT1/cmr/bx/n --> OT1/cmss/bx/n on input line 74.
\symnumbers=\mathgroup6
\sympureletters=\mathgroup7
LaTeX Font Info:    Overwriting math alphabet `\mathrm' in version `normal'
(Font)                  OT1/cmss/m/n --> T1/aer/m/n on input line 74.
LaTeX Font Info:    Redeclaring math alphabet \mathbf on input line 74.
LaTeX Font Info:    Overwriting math alphabet `\mathbf' in version `normal'
(Font)                  OT1/cmr/bx/n --> T1/aess/bx/n on input line 74.
LaTeX Font Info:    Overwriting math alphabet `\mathbf' in version `bold'
(Font)                  OT1/cmr/bx/n --> T1/aess/bx/n on input line 74.
LaTeX Font Info:    Redeclaring math alphabet \mathsf on input line 74.
LaTeX Font Info:    Overwriting math alphabet `\mathsf' in version `normal'
(Font)                  OT1/cmss/m/n --> T1/aess/m/n on input line 74.
LaTeX Font Info:    Overwriting math alphabet `\mathsf' in version `bold'
(Font)                  OT1/cmss/bx/n --> T1/aess/m/n on input line 74.
LaTeX Font Info:    Redeclaring math alphabet \mathit on input line 74.
LaTeX Font Info:    Overwriting math alphabet `\mathit' in version `normal'
(Font)                  OT1/cmr/m/it --> T1/aess/m/it on input line 74.
LaTeX Font Info:    Overwriting math alphabet `\mathit' in version `bold'
(Font)                  OT1/cmr/bx/it --> T1/aess/m/it on input line 74.
LaTeX Font Info:    Redeclaring math alphabet \mathtt on input line 74.
LaTeX Font Info:    Overwriting math alphabet `\mathtt' in version `normal'
(Font)                  OT1/cmtt/m/n --> T1/aett/m/n on input line 74.
LaTeX Font Info:    Overwriting math alphabet `\mathtt' in version `bold'
(Font)                  OT1/cmtt/m/n --> T1/aett/m/n on input line 74.
LaTeX Font Info:    Overwriting symbol font `numbers' in version `bold'
(Font)                  T1/aess/m/n --> T1/aess/bx/n on input line 74.
LaTeX Font Info:    Overwriting symbol font `pureletters' in version `bold'
(Font)                  T1/aess/m/it --> T1/aess/bx/it on input line 74.
LaTeX Font Info:    Overwriting math alphabet `\mathrm' in version `bold'
(Font)                  OT1/cmss/bx/n --> T1/aer/bx/n on input line 74.
LaTeX Font Info:    Overwriting math alphabet `\mathbf' in version `bold'
(Font)                  T1/aess/bx/n --> T1/aess/bx/n on input line 74.
LaTeX Font Info:    Overwriting math alphabet `\mathsf' in version `bold'
(Font)                  T1/aess/m/n --> T1/aess/bx/n on input line 74.
LaTeX Font Info:    Overwriting math alphabet `\mathit' in version `bold'
(Font)                  T1/aess/m/it --> T1/aess/bx/it on input line 74.
LaTeX Font Info:    Overwriting math alphabet `\mathtt' in version `bold'
(Font)                  T1/aett/m/n --> T1/aett/bx/n on input line 74.

("C:\Documents and Settings\emm\Datos de programa\MiKTeX\2.8\tex\latex\beamer\b
ase\translator\dicts\translator-basic-dictionary\translator-basic-dictionary-En
glish.dict"
Dictionary: translator-basic-dictionary, Language: English 
)
("C:\Documents and Settings\emm\Datos de programa\MiKTeX\2.8\tex\latex\beamer\b
ase\translator\dicts\translator-bibliography-dictionary\translator-bibliography
-dictionary-English.dict"
Dictionary: translator-bibliography-dictionary, Language: English 
)
("C:\Documents and Settings\emm\Datos de programa\MiKTeX\2.8\tex\latex\beamer\b
ase\translator\dicts\translator-environment-dictionary\translator-environment-d
ictionary-English.dict"
Dictionary: translator-environment-dictionary, Language: English 
)
("C:\Documents and Settings\emm\Datos de programa\MiKTeX\2.8\tex\latex\beamer\b
ase\translator\dicts\translator-months-dictionary\translator-months-dictionary-
English.dict"
Dictionary: translator-months-dictionary, Language: English 
)
("C:\Documents and Settings\emm\Datos de programa\MiKTeX\2.8\tex\latex\beamer\b
ase\translator\dicts\translator-numbers-dictionary\translator-numbers-dictionar
y-English.dict"
Dictionary: translator-numbers-dictionary, Language: English 
)
("C:\Documents and Settings\emm\Datos de programa\MiKTeX\2.8\tex\latex\beamer\b
ase\translator\dicts\translator-theorem-dictionary\translator-theorem-dictionar
y-English.dict"
Dictionary: translator-theorem-dictionary, Language: English 
)
("C:\Documents and Settings\emm\Mis documentos\My Dropbox\data\rollcall\aldf\pr
esentations\mpsa2011.nav") [1

{C:/Documents and Settings/emm/Configuración local/Datos de programa/MiKTeX/2.8
/pdftex/config/pdftex.map}]
LaTeX Font Info:    Try loading font information for U+msa on input line 112.

("C:\Archivos de programa\MiKTeX 2.8\tex\latex\amsfonts\umsa.fd"
File: umsa.fd 2009/06/22 v3.00 AMS symbols A
)
LaTeX Font Info:    Try loading font information for U+msb on input line 112.

("C:\Archivos de programa\MiKTeX 2.8\tex\latex\amsfonts\umsb.fd"
File: umsb.fd 2009/06/22 v3.00 AMS symbols B
)
LaTeX Font Info:    Font shape `T1/aess/m/it' in size <10.95> not available
(Font)              Font shape `T1/aess/m/sl' tried instead on input line 112.
LaTeX Font Info:    Font shape `T1/aess/m/it' in size <8> not available
(Font)              Font shape `T1/aess/m/sl' tried instead on input line 112.
LaTeX Font Info:    Font shape `T1/aess/m/it' in size <6> not available
(Font)              Font shape `T1/aess/m/sl' tried instead on input line 112.
 [2

]
LaTeX Font Info:    Font shape `T1/aess/m/it' in size <9> not available
(Font)              Font shape `T1/aess/m/sl' tried instead on input line 160.
LaTeX Font Info:    Font shape `T1/aess/m/it' in size <5> not available
(Font)              Font shape `T1/aess/m/sl' tried instead on input line 160.
 [3

]
<amlo_zocalo.jpg, id=37, 401.5pt x 227.85126pt>
File: amlo_zocalo.jpg Graphic file (type jpg)
 <use amlo_zocalo.jpg>
<chuchos.jpg, id=38, 401.5pt x 271.0125pt>
File: chuchos.jpg Graphic file (type jpg)
 <use chuchos.jpg>
<ebrard.jpg, id=39, 626.34pt x 352.31625pt>
File: ebrard.jpg Graphic file (type jpg)
 <use ebrard.jpg> [4

 <C:/Documents and Settings/emm/Mis documentos/My Dropbox/data/rollcall/aldf/pr
esentations/amlo_zocalo.jpg> <C:/Documents and Settings/emm/Mis documentos/My D
ropbox/data/rollcall/aldf/presentations/chuchos.jpg> <C:/Documents and Settings
/emm/Mis documentos/My Dropbox/data/rollcall/aldf/presentations/ebrard.jpg>]
LaTeX Font Info:    Font shape `T1/aess/m/it' in size <10> not available
(Font)              Font shape `T1/aess/m/sl' tried instead on input line 224.
 [5

] [6

] [7

]
LaTeX Font Info:    Font shape `T1/aess/m/it' in size <7> not available
(Font)              Font shape `T1/aess/m/sl' tried instead on input line 307.

[8

] [9

] [10

] [11

] <../graphs/static.pdf, id=99, 415.5525pt x 415.5525pt>
File: ../graphs/static.pdf Graphic file (type pdf)

<use ../graphs/static.pdf>
Overfull \vbox (15.28606pt too high) detected at line 419
 []

[12

 <C:/Documents and Settings/emm/Mis documentos/My Dropbox/data/rollcall/aldf/gr
aphs/static.pdf>]
<../graphs/staticcutlines.pdf, id=110, 415.5525pt x 415.5525pt>
File: ../graphs/staticcutlines.pdf Graphic file (type pdf)

<use ../graphs/staticcutlines.pdf>
Overfull \vbox (36.63557pt too high) detected at line 433
 []

[13

 <C:/Documents and Settings/emm/Mis documentos/My Dropbox/data/rollcall/aldf/gr
aphs/staticcutlines.pdf>]
<../graphs/2006-3.pdf, id=122, 415.5525pt x 415.5525pt>
File: ../graphs/2006-3.pdf Graphic file (type pdf)

<use ../graphs/2006-3.pdf>
Overfull \hbox (12.44255pt too wide) in paragraph at lines 470--470
[][] 
 []

LaTeX Font Info:    Font shape `T1/aess/m/it' in size <14.4> not available
(Font)              Font shape `T1/aess/m/sl' tried instead on input line 470.

Overfull \vbox (9.17168pt too high) detected at line 470
 []

[14

 <C:/Documents and Settings/emm/Mis documentos/My Dropbox/data/rollcall/aldf/gr
aphs/2006-3.pdf>] <../graphs/2007-1.pdf, id=134, 415.5525pt x 415.5525pt>
File: ../graphs/2007-1.pdf Graphic file (type pdf)

<use ../graphs/2007-1.pdf>
Overfull \hbox (12.44255pt too wide) in paragraph at lines 507--507
[][] 
 []


Overfull \vbox (9.17168pt too high) detected at line 507
 []

[15

 <C:/Documents and Settings/emm/Mis documentos/My Dropbox/data/rollcall/aldf/gr
aphs/2007-1.pdf>] <../graphs/2007-2.pdf, id=145, 415.5525pt x 415.5525pt>
File: ../graphs/2007-2.pdf Graphic file (type pdf)

<use ../graphs/2007-2.pdf>
Overfull \hbox (12.44255pt too wide) in paragraph at lines 544--544
[][] 
 []


Overfull \vbox (9.17168pt too high) detected at line 544
 []

[16

 <C:/Documents and Settings/emm/Mis documentos/My Dropbox/data/rollcall/aldf/gr
aphs/2007-2.pdf>] <../graphs/2007-3.pdf, id=156, 415.5525pt x 415.5525pt>
File: ../graphs/2007-3.pdf Graphic file (type pdf)

<use ../graphs/2007-3.pdf>
Overfull \hbox (12.44255pt too wide) in paragraph at lines 581--581
[][] 
 []


Overfull \vbox (9.17168pt too high) detected at line 581
 []

[17

 <C:/Documents and Settings/emm/Mis documentos/My Dropbox/data/rollcall/aldf/gr
aphs/2007-3.pdf>] <../graphs/2008-1.pdf, id=167, 415.5525pt x 415.5525pt>
File: ../graphs/2008-1.pdf Graphic file (type pdf)

<use ../graphs/2008-1.pdf>
Overfull \hbox (12.44255pt too wide) in paragraph at lines 618--618
[][] 
 []


Overfull \vbox (9.17168pt too high) detected at line 618
 []

[18

 <C:/Documents and Settings/emm/Mis documentos/My Dropbox/data/rollcall/aldf/gr
aphs/2008-1.pdf>] <../graphs/2008-2.pdf, id=178, 415.5525pt x 415.5525pt>
File: ../graphs/2008-2.pdf Graphic file (type pdf)

<use ../graphs/2008-2.pdf>
Overfull \hbox (12.44255pt too wide) in paragraph at lines 655--655
[][] 
 []


Overfull \vbox (9.17168pt too high) detected at line 655
 []

[19

 <C:/Documents and Settings/emm/Mis documentos/My Dropbox/data/rollcall/aldf/gr
aphs/2008-2.pdf>] <../graphs/2008-3.pdf, id=190, 415.5525pt x 415.5525pt>
File: ../graphs/2008-3.pdf Graphic file (type pdf)

<use ../graphs/2008-3.pdf>
Overfull \hbox (12.44255pt too wide) in paragraph at lines 692--692
[][] 
 []


Overfull \vbox (9.17168pt too high) detected at line 692
 []

[20

 <C:/Documents and Settings/emm/Mis documentos/My Dropbox/data/rollcall/aldf/gr
aphs/2008-3.pdf>] <../graphs/2009-1.pdf, id=201, 415.5525pt x 415.5525pt>
File: ../graphs/2009-1.pdf Graphic file (type pdf)

<use ../graphs/2009-1.pdf>
Overfull \hbox (12.44255pt too wide) in paragraph at lines 729--729
[][] 
 []


Overfull \vbox (9.17168pt too high) detected at line 729
 []

[21

 <C:/Documents and Settings/emm/Mis documentos/My Dropbox/data/rollcall/aldf/gr
aphs/2009-1.pdf>] [22

] [23

]
<../graphs/eigenvalues.pdf, id=224, 415.5525pt x 415.5525pt>
File: ../graphs/eigenvalues.pdf Graphic file (type pdf)

<use ../graphs/eigenvalues.pdf>
Overfull \vbox (17.32883pt too high) detected at line 774
 []

[24

 <C:/Documents and Settings/emm/Mis documentos/My Dropbox/data/rollcall/aldf/gr
aphs/eigenvalues.pdf>]
\tf@nav=\write6
\tf@toc=\write7
\tf@snm=\write8
Package atveryend Info: Empty hook `BeforeClearDocument' on input line 776.
Package atveryend Info: Empty hook `AfterLastShipout' on input line 776.

("C:\Documents and Settings\emm\Mis documentos\My Dropbox\data\rollcall\aldf\pr
esentations\mpsa2011.aux")
Package atveryend Info: Executing hook `AtVeryEndDocument' on input line 776.
Package rerunfilecheck Info: File `mpsa2011.out' has not changed.
(rerunfilecheck)             Checksum: D41D8CD98F00B204E9800998ECF8427E;0.
 ) 
Here is how much of TeX's memory you used:
 17626 strings out of 495285
 335602 string characters out of 3179689
 425559 words of memory out of 3000000
 20199 multiletter control sequences out of 15000+200000
 69756 words of font info for 123 fonts, out of 3000000 for 9000
 14 hyphenation exceptions out of 8191
 48i,16n,54p,441b,843s stack positions out of 5000i,500n,10000p,200000b,50000s
<C:/Archivos de programa/MiKTeX 2.8/fonts/type1/public/amsfonts/cm/cmex10.pfb
><C:/Archivos de programa/MiKTeX 2.8/fonts/type1/public/amsfonts/cm/cmmi10.pfb>
<C:/Archivos de programa/MiKTeX 2.8/fonts/type1/public/amsfonts/cm/cmmi8.pfb><C
:/Archivos de programa/MiKTeX 2.8/fonts/type1/public/amsfonts/cm/cmmib10.pfb><C
:/Archivos de programa/MiKTeX 2.8/fonts/type1/public/amsfonts/cm/cmr10.pfb><C:/
Archivos de programa/MiKTeX 2.8/fonts/type1/public/amsfonts/cm/cmss10.pfb><C:/A
rchivos de programa/MiKTeX 2.8/fonts/type1/public/amsfonts/cm/cmss12.pfb><C:/Ar
chivos de programa/MiKTeX 2.8/fonts/type1/public/amsfonts/cm/cmss8.pfb><C:/Arch
ivos de programa/MiKTeX 2.8/fonts/type1/public/amsfonts/cm/cmss9.pfb><C:/Archiv
os de programa/MiKTeX 2.8/fonts/type1/public/amsfonts/cm/cmssbx10.pfb><C:/Archi
vos de programa/MiKTeX 2.8/fonts/type1/public/amsfonts/cm/cmssi10.pfb><C:/Archi
vos de programa/MiKTeX 2.8/fonts/type1/public/amsfonts/cm/cmssi12.pfb><C:/Archi
vos de programa/MiKTeX 2.8/fonts/type1/public/amsfonts/cm/cmssi8.pfb><C:/Archiv
os de programa/MiKTeX 2.8/fonts/type1/public/amsfonts/cm/cmssi9.pfb><C:/Archivo
s de programa/MiKTeX 2.8/fonts/type1/public/amsfonts/cm/cmsy10.pfb><C:/Archivos
 de programa/MiKTeX 2.8/fonts/type1/public/amsfonts/cm/cmsy8.pfb>
Output written on mpsa2011.pdf (24 pages, 384306 bytes).
PDF statistics:
 297 PDF objects out of 1000 (max. 8388607)
 48 named destinations out of 1000 (max. 500000)
 115 words of extra memory for PDF output out of 10000 (max. 10000000)

